<?xml version="1.0" encoding="UTF-8"?>
<testng-results ignored="0" total="1" passed="1" failed="0" skipped="0">
  <reporter-output>
  </reporter-output>
  <suite started-at="2023-09-01T17:05:50 IST" name="Default suite" finished-at="2023-09-01T17:06:26 IST" duration-ms="36453">
    <groups>
    </groups>
    <test started-at="2023-09-01T17:05:50 IST" name="Default test" finished-at="2023-09-01T17:06:26 IST" duration-ms="36453">
      <class name="App_automation.Flow_login.Pages.First_test">
        <test-method is-config="true" signature="setUp()[pri:0, instance:App_automation.Flow_login.Pages.First_test@a1f72f5]" started-at="2023-09-01T17:05:50 IST" name="setUp" finished-at="2023-09-01T17:05:59 IST" duration-ms="9317" status="PASS">
          <reporter-output>
          </reporter-output>
        </test-method> <!-- setUp -->
        <test-method signature="login()[pri:0, instance:App_automation.Flow_login.Pages.First_test@a1f72f5]" started-at="2023-09-01T17:05:59 IST" name="login" finished-at="2023-09-01T17:06:26 IST" duration-ms="27107" status="PASS">
          <reporter-output>
          </reporter-output>
        </test-method> <!-- login -->
      </class> <!-- App_automation.Flow_login.Pages.First_test -->
    </test> <!-- Default test -->
  </suite> <!-- Default suite -->
</testng-results>
