<?xml version="1.0" encoding="UTF-8"?>
<testng-results ignored="0" total="1" passed="1" failed="0" skipped="0">
  <reporter-output>
  </reporter-output>
  <suite started-at="2023-08-25T12:58:18 IST" name="Default suite" finished-at="2023-08-25T12:58:41 IST" duration-ms="22725">
    <groups>
    </groups>
    <test started-at="2023-08-25T12:58:18 IST" name="Default test" finished-at="2023-08-25T12:58:41 IST" duration-ms="22725">
      <class name="App_automation.Flow_login.Pages.First_test">
        <test-method is-config="true" signature="setUp()[pri:0, instance:App_automation.Flow_login.Pages.First_test@a1f72f5]" started-at="2023-08-25T12:58:18 IST" name="setUp" finished-at="2023-08-25T12:58:35 IST" duration-ms="17070" status="PASS">
          <reporter-output>
          </reporter-output>
        </test-method> <!-- setUp -->
        <test-method signature="login()[pri:0, instance:App_automation.Flow_login.Pages.First_test@a1f72f5]" started-at="2023-08-25T12:58:35 IST" name="login" finished-at="2023-08-25T12:58:41 IST" duration-ms="5629" status="PASS">
          <reporter-output>
          </reporter-output>
        </test-method> <!-- login -->
      </class> <!-- App_automation.Flow_login.Pages.First_test -->
    </test> <!-- Default test -->
  </suite> <!-- Default suite -->
</testng-results>
